  Entity.cpp
D:\GitHub\TaintedBounce\EscapePlanetX\time.h(72,25): warning C4244: 'argument': conversion from 'float' to 'Uint32', possible loss of data
D:\GitHub\TaintedBounce\EscapePlanetX\time.h(74,28): warning C4244: '=': conversion from 'Uint32' to 'float', possible loss of data
D:\GitHub\TaintedBounce\EscapePlanetX\time.h(85,26): warning C4244: '=': conversion from 'Uint32' to 'float', possible loss of data
D:\GitHub\TaintedBounce\EscapePlanetX\Entity.cpp(15,17): warning C4305: '=': truncation from 'double' to 'float'
D:\GitHub\TaintedBounce\EscapePlanetX\Entity.cpp(94,21): warning C4305: '=': truncation from 'double' to 'float'
D:\GitHub\TaintedBounce\EscapePlanetX\Entity.cpp(133,73): warning C4244: '=': conversion from 'double' to 'int', possible loss of data
D:\GitHub\TaintedBounce\EscapePlanetX\Entity.cpp(146,24): warning C4244: '=': conversion from 'double' to 'float', possible loss of data
D:\GitHub\TaintedBounce\EscapePlanetX\Entity.cpp(285,28): warning C4244: '+=': conversion from 'T' to 'int', possible loss of data
          with
          [
              T=float
          ]
D:\GitHub\TaintedBounce\EscapePlanetX\Entity.cpp(289,30): warning C4244: '+=': conversion from 'T' to 'int', possible loss of data
          with
          [
              T=float
          ]
  Generating code
  0 of 548 functions ( 0.0%) were compiled, the rest were copied from previous compilation.
    0 functions were new in current compilation
    0 functions had inline decision re-evaluated but remain unchanged
  Finished generating code
  EscapePlanetX.vcxproj -> D:\GitHub\TaintedBounce\Release\EscapePlanetX.exe
